Using pre-set license
Built from '2020.3/staging' branch; Version is '2020.3.26f1 (7298b473bc1a) revision 7510196'; Using compiler version '192528614'; Build Type 'Release'
OS: 'Windows 10  (10.0.19044) 64bit Professional' Language: 'en' Physical Memory: 32694 MB
BatchMode: 1, IsHumanControllingUs: 0, StartBugReporterOnCrash: 0, Is64bit: 1, IsPro: 0

COMMAND LINE ARGUMENTS:
D:\Unity\Editor\2020.3.26f1\Editor\Unity.exe
-adb2
-batchMode
-noUpm
-name
AssetImportWorker0
-projectPath
D:/GitHub/2022s-team8/tileset practice
-logFile
Logs/AssetImportWorker0.log
-srvPort
61959
Successfully changed project path to: D:/GitHub/2022s-team8/tileset practice
D:/GitHub/2022s-team8/tileset practice
Using Asset Import Pipeline V2.
Refreshing native plugins compatible for Editor in 42.19 ms, found 3 plugins.
Preloading 0 native plugins for Editor in 0.00 ms.
Initialize engine version: 2020.3.26f1 (7298b473bc1a)
[Subsystems] Discovering subsystems at path D:/Unity/Editor/2020.3.26f1/Editor/Data/Resources/UnitySubsystems
[Subsystems] Discovering subsystems at path D:/GitHub/2022s-team8/tileset practice/Assets
GfxDevice: creating device client; threaded=0
Direct3D:
    Version:  Direct3D 11.0 [level 11.1]
    Renderer: NVIDIA GeForce RTX 2060 SUPER (ID=0x1f06)
    Vendor:   
    VRAM:     8031 MB
    Driver:   27.21.14.5671
Initialize mono
Mono path[0] = 'D:/Unity/Editor/2020.3.26f1/Editor/Data/Managed'
Mono path[1] = 'D:/Unity/Editor/2020.3.26f1/Editor/Data/MonoBleedingEdge/lib/mono/unityjit'
Mono config path = 'D:/Unity/Editor/2020.3.26f1/Editor/Data/MonoBleedingEdge/etc'
Using monoOptions --debugger-agent=transport=dt_socket,embedding=1,server=y,suspend=n,address=127.0.0.1:56664
Begin MonoManager ReloadAssembly
Registering precompiled unity dll's ...
Register platform support module: D:/Unity/Editor/2020.3.26f1/Editor/Data/PlaybackEngines/WebGLSupport/UnityEditor.WebGL.Extensions.dll
Register platform support module: D:/Unity/Editor/2020.3.26f1/Editor/Data/PlaybackEngines/WindowsStandaloneSupport/UnityEditor.WindowsStandalone.Extensions.dll
Registered in 0.001324 seconds.
Native extension for WindowsStandalone target not found
Native extension for WebGL target not found
Refreshing native plugins compatible for Editor in 42.71 ms, found 3 plugins.
Preloading 0 native plugins for Editor in 0.00 ms.
Mono: successfully reloaded assembly
- Completed reload, in  0.510 seconds
Domain Reload Profiling:
	ReloadAssembly (510ms)
		BeginReloadAssembly (60ms)
			ExecutionOrderSort (0ms)
			DisableScriptedObjects (0ms)
			BackupInstance (0ms)
			ReleaseScriptingObjects (0ms)
			CreateAndSetChildDomain (1ms)
		EndReloadAssembly (388ms)
			LoadAssemblies (60ms)
			RebuildTransferFunctionScriptingTraits (0ms)
			SetupTypeCache (130ms)
			ReleaseScriptCaches (0ms)
			RebuildScriptCaches (25ms)
			SetupLoadedEditorAssemblies (153ms)
				LogAssemblyErrors (0ms)
				InitializePlatformSupportModulesInManaged (4ms)
				SetLoadedEditorAssemblies (0ms)
				RefreshPlugins (43ms)
				BeforeProcessingInitializeOnLoad (7ms)
				ProcessInitializeOnLoadAttributes (75ms)
				ProcessInitializeOnLoadMethodAttributes (23ms)
				AfterProcessingInitializeOnLoad (0ms)
				EditorAssembliesLoaded (0ms)
			ExecutionOrderSort2 (0ms)
			AwakeInstancesAfterBackupRestoration (0ms)
Platform modules already initialized, skipping
Registering precompiled user dll's ...
Registered in 0.003808 seconds.
Begin MonoManager ReloadAssembly
Native extension for WindowsStandalone target not found
Native extension for WebGL target not found
Refreshing native plugins compatible for Editor in 41.42 ms, found 3 plugins.
Preloading 0 native plugins for Editor in 0.00 ms.
Mono: successfully reloaded assembly
- Completed reload, in  0.951 seconds
Domain Reload Profiling:
	ReloadAssembly (952ms)
		BeginReloadAssembly (136ms)
			ExecutionOrderSort (0ms)
			DisableScriptedObjects (4ms)
			BackupInstance (0ms)
			ReleaseScriptingObjects (0ms)
			CreateAndSetChildDomain (16ms)
		EndReloadAssembly (764ms)
			LoadAssemblies (93ms)
			RebuildTransferFunctionScriptingTraits (0ms)
			SetupTypeCache (261ms)
			ReleaseScriptCaches (0ms)
			RebuildScriptCaches (41ms)
			SetupLoadedEditorAssemblies (285ms)
				LogAssemblyErrors (0ms)
				InitializePlatformSupportModulesInManaged (4ms)
				SetLoadedEditorAssemblies (0ms)
				RefreshPlugins (41ms)
				BeforeProcessingInitializeOnLoad (55ms)
				ProcessInitializeOnLoadAttributes (169ms)
				ProcessInitializeOnLoadMethodAttributes (14ms)
				AfterProcessingInitializeOnLoad (2ms)
				EditorAssembliesLoaded (0ms)
			ExecutionOrderSort2 (0ms)
			AwakeInstancesAfterBackupRestoration (5ms)
Platform modules already initialized, skipping
========================================================================
Worker process is ready to serve import requests
Launched and connected shader compiler UnityShaderCompiler.exe after 0.05 seconds
Refreshing native plugins compatible for Editor in 0.51 ms, found 3 plugins.
Preloading 0 native plugins for Editor in 0.00 ms.
Unloading 2197 Unused Serialized files (Serialized files now loaded: 0)
System memory in use before: 95.8 MB.
System memory in use after: 95.9 MB.

Unloading 28 unused Assets to reduce memory usage. Loaded Objects now: 2630.
Total: 3.037900 ms (FindLiveObjects: 0.169600 ms CreateObjectMapping: 0.046700 ms MarkObjects: 2.752800 ms  DeleteObjects: 0.067600 ms)

AssetImportParameters requested are different than current active one (requested -> active):
  custom:framework-win-MediaFoundation: 216162199b28c13a410421893ffa2e32 -> 
  custom:video-decoder-ogg-theora: a1e56fd34408186e4bbccfd4996cb3dc -> 
  custom:container-muxer-webm: aa71ff27fc2769a1b78a27578f13a17b -> 
  custom:container-demuxer-webm: 4f35f7cbe854078d1ac9338744f61a02 -> 
  custom:container-demuxer-ogg: 62fdf1f143b41e24485cea50d1cbac27 -> 
  custom:video-encoder-webm-vp8: eb34c28f22e8b96e1ab97ce403110664 -> 
  custom:video-decoder-webm-vp8: 9c59270c3fd7afecdb556c50c9e8de78 -> 
  custom:audio-decoder-ogg-vorbis: bf7c407c2cedff20999df2af8eb42d56 -> 
  custom:audio-encoder-webm-vorbis: bf7c407c2cedff20999df2af8eb42d56 -> 
========================================================================
Received Import Request.
  path: Assets/factory-tileset_prev_1.png
  artifactKey: Guid(0088e35b8beb430439b3ea1ce3137f99) Importer(815301076,1909f56bfc062723c751e8b465ee728b)
Start importing Assets/factory-tileset_prev_1.png using Guid(0088e35b8beb430439b3ea1ce3137f99) Importer(815301076,1909f56bfc062723c751e8b465ee728b)  -> (artifact id: '2885d6d4c2baf39afe90adf9295fc58f') in 0.115608 seconds 
  Import took 0.118535 seconds .

========================================================================
Received Import Request.
  Time since last request: 49.981996 seconds.
  path: Assets/factory-tileset_prev_1.png
  artifactKey: Guid(0088e35b8beb430439b3ea1ce3137f99) Importer(815301076,1909f56bfc062723c751e8b465ee728b)
Start importing Assets/factory-tileset_prev_1.png using Guid(0088e35b8beb430439b3ea1ce3137f99) Importer(815301076,1909f56bfc062723c751e8b465ee728b)  -> (artifact id: '556d7e9e25dcb2bab3404e36115ca7f3') in 0.025675 seconds 
  Import took 0.028881 seconds .

========================================================================
Received Import Request.
  Time since last request: 37.475280 seconds.
  path: Assets/factory-tileset_prev_1.png
  artifactKey: Guid(0088e35b8beb430439b3ea1ce3137f99) Importer(815301076,1909f56bfc062723c751e8b465ee728b)
Start importing Assets/factory-tileset_prev_1.png using Guid(0088e35b8beb430439b3ea1ce3137f99) Importer(815301076,1909f56bfc062723c751e8b465ee728b)  -> (artifact id: 'f988ad4323d1eab9628201ac5ef2c016') in 0.472671 seconds 
  Import took 0.477002 seconds .

========================================================================
Received Import Request.
  Time since last request: 303.214643 seconds.
  path: Assets/Tiles/Ground/factory-tileset_prev_1_20.asset
  artifactKey: Guid(0ad2dc520dd510741800bd957b083a0e) Importer(815301076,1909f56bfc062723c751e8b465ee728b)
Start importing Assets/Tiles/Ground/factory-tileset_prev_1_20.asset using Guid(0ad2dc520dd510741800bd957b083a0e) Importer(815301076,1909f56bfc062723c751e8b465ee728b)  -> (artifact id: '342bfcb3dd376d825ef64a8a52b88fe2') in 0.045852 seconds 
  Import took 0.049343 seconds .

========================================================================
Received Import Request.
  Time since last request: 0.000139 seconds.
  path: Assets/Tiles/Ground/factory-tileset_prev_1_31.asset
  artifactKey: Guid(048e0cb2a3d524a41972b24a800fb9ca) Importer(815301076,1909f56bfc062723c751e8b465ee728b)
Start importing Assets/Tiles/Ground/factory-tileset_prev_1_31.asset using Guid(048e0cb2a3d524a41972b24a800fb9ca) Importer(815301076,1909f56bfc062723c751e8b465ee728b)  -> (artifact id: '343ebe422d12fa5e5dc1b434ebf21ead') in 0.030877 seconds 
  Import took 0.033577 seconds .

========================================================================
Received Import Request.
  Time since last request: 0.000155 seconds.
  path: Assets/Tiles/Ground/factory-tileset_prev_1_36.asset
  artifactKey: Guid(24bf51f9edc346740b6f50d8b39b8126) Importer(815301076,1909f56bfc062723c751e8b465ee728b)
Start importing Assets/Tiles/Ground/factory-tileset_prev_1_36.asset using Guid(24bf51f9edc346740b6f50d8b39b8126) Importer(815301076,1909f56bfc062723c751e8b465ee728b)  -> (artifact id: '1c64575321c21fc6ad4be7e7b08ab42d') in 0.011415 seconds 
  Import took 0.014203 seconds .

========================================================================
Received Import Request.
  Time since last request: 0.000189 seconds.
  path: Assets/Tiles/Ground/factory-tileset_prev_1_34.asset
  artifactKey: Guid(4f620e0e515a5864bb9850a1f2d42c1c) Importer(815301076,1909f56bfc062723c751e8b465ee728b)
Start importing Assets/Tiles/Ground/factory-tileset_prev_1_34.asset using Guid(4f620e0e515a5864bb9850a1f2d42c1c) Importer(815301076,1909f56bfc062723c751e8b465ee728b)  -> (artifact id: '1da23a8f95f5bc1b46de5a4f09ca69c9') in 0.009205 seconds 
  Import took 0.012295 seconds .

========================================================================
Received Import Request.
  Time since last request: 210.465129 seconds.
  path: Assets/Palettes/Ground.prefab
  artifactKey: Guid(c2c8fff3c5dd8ff44bfaeb685e8f83cf) Importer(815301076,1909f56bfc062723c751e8b465ee728b)
Start importing Assets/Palettes/Ground.prefab using Guid(c2c8fff3c5dd8ff44bfaeb685e8f83cf) Importer(815301076,1909f56bfc062723c751e8b465ee728b)  -> (artifact id: 'b652dd32e28bf1b08d0375eca17b2cc0') in 0.034504 seconds 
  Import took 0.037934 seconds .

========================================================================
Received Import Request.
  Time since last request: 890.176647 seconds.
  path: Assets/factory-tileset_prev_1_23.asset
  artifactKey: Guid(6635c4a133525734984d35c026d4c536) Importer(815301076,1909f56bfc062723c751e8b465ee728b)
Start importing Assets/factory-tileset_prev_1_23.asset using Guid(6635c4a133525734984d35c026d4c536) Importer(815301076,1909f56bfc062723c751e8b465ee728b)  -> (artifact id: '3bc15856c95a236810db1648db204265') in 0.025095 seconds 
  Import took 0.028542 seconds .

========================================================================
Received Import Request.
  Time since last request: 0.018430 seconds.
  path: Assets/factory-tileset_prev_1_39.asset
  artifactKey: Guid(12ff75d071fe4ec4c8a4084e0780faf2) Importer(815301076,1909f56bfc062723c751e8b465ee728b)
Start importing Assets/factory-tileset_prev_1_39.asset using Guid(12ff75d071fe4ec4c8a4084e0780faf2) Importer(815301076,1909f56bfc062723c751e8b465ee728b)  -> (artifact id: 'bc6bab08de82aa317c5197f9a7e4b48e') in 0.023322 seconds 
  Import took 0.026634 seconds .

AssetImportWorkerClient::OnTransportError - code=2 error=End of file
